2019/01/08 11:19:28 Starting cygwin install, version 2.895
2019/01/08 11:19:28 User has backup/restore rights
2019/01/08 11:19:28 io_stream_cygfile: fopen(/etc/setup/setup.rc) failed 2 No such file or directory
2019/01/08 11:19:28 Current Directory: C:\Users\kjahed\Downloads
2019/01/08 11:19:28 Could not open service McShield for query, start and stop. McAfee may not be installed, or we don't have access.
2019/01/08 11:19:30 source: network install
2019/01/08 11:19:31 root: C:\cygwin64 system
2019/01/08 11:19:32 Selected local directory: C:\Users\kjahed\Downloads
2019/01/08 11:19:32 net: Preconfig
2019/01/08 11:19:36 site: http://www.pirbot.com/mirrors/cygwin/
2019/01/08 11:19:37 HTTP status 404 fetching http://www.pirbot.com/mirrors/cygwin/x86_64/setup.zst.sig
2019/01/08 11:19:37 HTTP status 404 fetching http://www.pirbot.com/mirrors/cygwin/x86_64/setup.zst
2019/01/08 11:19:40 io_stream_cygfile: fopen(/etc/setup/timestamp) failed 2 No such file or directory
2019/01/08 11:19:40 io_stream_cygfile: fopen(/etc/setup/installed.db) failed 2 No such file or directory
2019/01/08 11:19:40 solving: 36 tasks, update: yes, use test packages: no
2019/01/08 11:20:20 solving: 72 tasks, update: no, use test packages: no
2019/01/08 11:20:20 Augmented Transaction List:
2019/01/08 11:20:20    0 install                                     base-cygwin               3.8-1
2019/01/08 11:20:20    1 install                                          cygwin            2.11.2-1
2019/01/08 11:20:20    2 install                                  libpopt-common              1.16-2
2019/01/08 11:20:20    3 install                                           login              1.12-1
2019/01/08 11:20:20    4 install                                          mintty             2.9.5-0
2019/01/08 11:20:20    5 install                                        terminfo     6.0-12.20171125
2019/01/08 11:20:20    6 install                                          tzdata             2018i-1
2019/01/08 11:20:20    7 install                                    cygwin-devel            2.11.2-1
2019/01/08 11:20:20    8 install                                  w32api-headers             5.0.4-1
2019/01/08 11:20:20    9 install                        windows-default-manifest               6.4-1
2019/01/08 11:20:20   10 install                         publicsuffix-list-dafsa          20180523-1
2019/01/08 11:20:20   11 install                                      libnettle6               3.4-1
2019/01/08 11:20:20   12 install                                   libnghttp2_14            1.31.0-1
2019/01/08 11:20:20   13 install                                       libexpat1             2.2.6-1
2019/01/08 11:20:20   14 install                                        liblz4_1             1.7.5-1
2019/01/08 11:20:20   15 install                                      libatomic1             7.4.0-1
2019/01/08 11:20:20   16 install                                        libltdl7             2.4.6-6
2019/01/08 11:20:20   17 install                                       libcrypt0               2.1-1
2019/01/08 11:20:20   18 install                                           zlib0            1.2.11-1
2019/01/08 11:20:20   19 install                                           which              2.20-2
2019/01/08 11:20:20   20 install                                             run             1.3.4-2
2019/01/08 11:20:20   21 install                                      libtasn1_6              4.13-1
2019/01/08 11:20:20   22 install                                     libsigsegv2              2.10-2
2019/01/08 11:20:20   23 install                                    libpipeline1             1.4.0-1
2019/01/08 11:20:20   24 install                                        libpcre1              8.40-3
2019/01/08 11:20:20   25 install                                        liblzma5             5.2.3-1
2019/01/08 11:20:20   26 install                                       libiconv2              1.14-3
2019/01/08 11:20:20   27 install                                        libgmp10             6.1.2-1
2019/01/08 11:20:20   28 install                                         libgcc1             7.4.0-1
2019/01/08 11:20:20   29 install                                         libffi6             3.2.1-2
2019/01/08 11:20:20   30 install                                        libbz2_1             1.0.6-3
2019/01/08 11:20:20   31 install                                         libargp          20110921-3
2019/01/08 11:20:20   32 install                                       ipc-utils               1.0-2
2019/01/08 11:20:20   33 install                                        hostname              3.13-1
2019/01/08 11:20:20   34 install                                      editrights              1.03-1
2019/01/08 11:20:20   35 install                                            dash           0.5.9.1-1
2019/01/08 11:20:20   36 install                                   libncursesw10     6.0-12.20171125
2019/01/08 11:20:20   37 install                                  w32api-runtime             5.0.4-1
2019/01/08 11:20:20   38 install                                            file              5.32-1
2019/01/08 11:20:20   39 install                                        libintl8          0.19.8.1-2
2019/01/08 11:20:20   40 install                                        libisl15            0.16.1-1
2019/01/08 11:20:20   41 install                                     libcom_err2           1.42.12-2
2019/01/08 11:20:20   42 install                                    libquadmath0             7.4.0-1
2019/01/08 11:20:20   43 install                                        libgomp1             7.4.0-1
2019/01/08 11:20:20   44 install                                   libunistring2            0.9.10-1
2019/01/08 11:20:20   45 install                                          libgc1            7.6.10-1
2019/01/08 11:20:20   46 install                                      libstdc++6             7.4.0-1
2019/01/08 11:20:20   47 install                                        libmpfr6          4.0.1-4p11
2019/01/08 11:20:20   48 install                                          getent           2.18.90-4
2019/01/08 11:20:20   49 install                                     _autorebase            001007-1
2019/01/08 11:20:20   50 install                                     vim-minimal          8.0.1567-1
2019/01/08 11:20:20   51 install                                         ncurses     6.0-12.20171125
2019/01/08 11:20:20   52 install                                    libreadline7             7.0.3-3
2019/01/08 11:20:20   53 install                                            less               530-1
2019/01/08 11:20:20   54 install                                 libkrb5support0            1.15.2-2
2019/01/08 11:20:20   55 install                                        binutils              2.29-1
2019/01/08 11:20:20   56 install                                             sed               4.4-1
2019/01/08 11:20:20   57 install                                        libuuid1            2.25.2-2
2019/01/08 11:20:20   58 install                                   libsmartcols1            2.25.2-2
2019/01/08 11:20:20   59 install                                        libpopt0              1.16-2
2019/01/08 11:20:20   60 install                                     libp11-kit0           0.23.10-1
2019/01/08 11:20:20   61 install                                        libiconv              1.14-3
2019/01/08 11:20:20   62 install                                        libgdbm4              1.12-1
2019/01/08 11:20:20   63 install                                        libattr1            2.4.48-2
2019/01/08 11:20:20   64 install                                            info               6.5-2
2019/01/08 11:20:20   65 install                                       diffutils               3.5-2
2019/01/08 11:20:20   66 install                                    alternatives          1.3.30c-10
2019/01/08 11:20:20   67 install                                       libidn2_0             2.0.4-1
2019/01/08 11:20:20   68 install                                        libdb5.3            5.3.28-2
2019/01/08 11:20:20   69 install                                         libmpc3             1.1.0-1
2019/01/08 11:20:20   70 install                                         libxml2             2.9.4-2
2019/01/08 11:20:20   71 install                                  libguile2.0_22            2.0.14-3
2019/01/08 11:20:20   72 install                                            gawk             4.2.1-1
2019/01/08 11:20:20   73 install                                    libk5crypto3            1.15.2-2
2019/01/08 11:20:20   74 install                                       libblkid1            2.25.2-2
2019/01/08 11:20:20   75 install                                        cygutils            1.4.16-2
2019/01/08 11:20:20   76 install                                   p11-kit-trust           0.23.10-1
2019/01/08 11:20:20   77 install                                         p11-kit           0.23.10-1
2019/01/08 11:20:20   78 install                                       coreutils              8.26-2
2019/01/08 11:20:20   79 install                                         libpsl5            0.18.0-1
2019/01/08 11:20:20   80 install                                    libarchive13             3.3.2-1
2019/01/08 11:20:20   81 install                                            make             4.2.1-2
2019/01/08 11:20:20   82 install                                       libkrb5_3            1.15.2-2
2019/01/08 11:20:20   83 install                                      util-linux            2.25.2-2
2019/01/08 11:20:20   84 install                                            bash            4.4.12-3
2019/01/08 11:20:20   85 install                                libgssapi_krb5_2            1.15.2-2
2019/01/08 11:20:20   86 install                                          tzcode             2018i-1
2019/01/08 11:20:20   87 install                                        gcc-core             7.4.0-1
2019/01/08 11:20:20   88 install                                              xz             5.2.3-1
2019/01/08 11:20:20   89 install                                            gzip               1.8-1
2019/01/08 11:20:20   90 install                                           groff            1.22.3-1
2019/01/08 11:20:20   91 install                                            grep               3.0-2
2019/01/08 11:20:20   92 install                                       findutils             4.6.0-1
2019/01/08 11:20:20   93 install                                 ca-certificates              2.22-1
2019/01/08 11:20:20   94 install                                           bzip2             1.0.6-3
2019/01/08 11:20:20   95 install                                         gcc-g++             7.4.0-1
2019/01/08 11:20:20   96 install                                          man-db           2.7.6.1-1
2019/01/08 11:20:20   97 install                                          rebase             4.4.4-1
2019/01/08 11:20:20   98 install                                      base-files               4.2-4
2019/01/08 11:20:20   99 install                                   libopenssl100            1.0.2p-1
2019/01/08 11:20:20  100 install                                             tar              1.29-1
2019/01/08 11:20:20  101 install                                       libssh2_1             1.7.0-1
2019/01/08 11:20:20  102 install                                libopenldap2_4_2            2.4.42-1
2019/01/08 11:20:20  103 install                                         openssl            1.0.2p-1
2019/01/08 11:20:20  104 install                                      libsasl2_3           2.1.26-11
2019/01/08 11:20:20  105 install                                        libcurl4            7.59.0-1
2019/01/08 11:20:20  106 install                                           cmake             3.6.2-1
2019/01/08 11:20:22 Downloaded C:\Users\kjahed\Downloads/http%3a%2f%2fwww.pirbot.com%2fmirrors%2fcygwin%2f/noarch/release/base-cygwin/base-cygwin-3.8-1.tar.xz
2019/01/08 11:20:23 Downloaded C:\Users\kjahed\Downloads/http%3a%2f%2fwww.pirbot.com%2fmirrors%2fcygwin%2f/x86_64/release/cygwin/cygwin-2.11.2-1.tar.xz
2019/01/08 11:20:23 Downloaded C:\Users\kjahed\Downloads/http%3a%2f%2fwww.pirbot.com%2fmirrors%2fcygwin%2f/x86_64/release/popt/libpopt-common/libpopt-common-1.16-2.tar.xz
2019/01/08 11:20:23 Downloaded C:\Users\kjahed\Downloads/http%3a%2f%2fwww.pirbot.com%2fmirrors%2fcygwin%2f/x86_64/release/login/login-1.12-1.tar.xz
2019/01/08 11:20:24 Downloaded C:\Users\kjahed\Downloads/http%3a%2f%2fwww.pirbot.com%2fmirrors%2fcygwin%2f/x86_64/release/mintty/mintty-2.9.5-0.tar.xz
2019/01/08 11:20:24 Downloaded C:\Users\kjahed\Downloads/http%3a%2f%2fwww.pirbot.com%2fmirrors%2fcygwin%2f/x86_64/release/ncurses/terminfo/terminfo-6.0-12.20171125.tar.xz
2019/01/08 11:20:24 Downloaded C:\Users\kjahed\Downloads/http%3a%2f%2fwww.pirbot.com%2fmirrors%2fcygwin%2f/noarch/release/tzdata/tzdata-2018i-1.tar.xz
2019/01/08 11:20:24 Downloaded C:\Users\kjahed\Downloads/http%3a%2f%2fwww.pirbot.com%2fmirrors%2fcygwin%2f/x86_64/release/cygwin/cygwin-devel/cygwin-devel-2.11.2-1.tar.xz
2019/01/08 11:20:25 Downloaded C:\Users\kjahed\Downloads/http%3a%2f%2fwww.pirbot.com%2fmirrors%2fcygwin%2f/x86_64/release/w32api-headers/w32api-headers-5.0.4-1.tar.xz
2019/01/08 11:20:25 Downloaded C:\Users\kjahed\Downloads/http%3a%2f%2fwww.pirbot.com%2fmirrors%2fcygwin%2f/x86_64/release/windows-default-manifest/windows-default-manifest-6.4-1.tar.xz
2019/01/08 11:20:26 Downloaded C:\Users\kjahed\Downloads/http%3a%2f%2fwww.pirbot.com%2fmirrors%2fcygwin%2f/noarch/release/publicsuffix-list/publicsuffix-list-dafsa/publicsuffix-list-dafsa-20180523-1.tar.xz
2019/01/08 11:20:26 Downloaded C:\Users\kjahed\Downloads/http%3a%2f%2fwww.pirbot.com%2fmirrors%2fcygwin%2f/x86_64/release/nettle/libnettle6/libnettle6-3.4-1.tar.xz
2019/01/08 11:20:26 Downloaded C:\Users\kjahed\Downloads/http%3a%2f%2fwww.pirbot.com%2fmirrors%2fcygwin%2f/x86_64/release/nghttp2/libnghttp2_14/libnghttp2_14-1.31.0-1.tar.xz
2019/01/08 11:20:26 Downloaded C:\Users\kjahed\Downloads/http%3a%2f%2fwww.pirbot.com%2fmirrors%2fcygwin%2f/x86_64/release/expat/libexpat1/libexpat1-2.2.6-1.tar.xz
2019/01/08 11:20:26 Downloaded C:\Users\kjahed\Downloads/http%3a%2f%2fwww.pirbot.com%2fmirrors%2fcygwin%2f/x86_64/release/lz4/liblz4_1/liblz4_1-1.7.5-1.tar.xz
2019/01/08 11:20:27 Downloaded C:\Users\kjahed\Downloads/http%3a%2f%2fwww.pirbot.com%2fmirrors%2fcygwin%2f/x86_64/release/gcc/libatomic1/libatomic1-7.4.0-1.tar.xz
2019/01/08 11:20:27 Downloaded C:\Users\kjahed\Downloads/http%3a%2f%2fwww.pirbot.com%2fmirrors%2fcygwin%2f/x86_64/release/libtool/libltdl7/libltdl7-2.4.6-6.tar.xz
2019/01/08 11:20:27 Downloaded C:\Users\kjahed\Downloads/http%3a%2f%2fwww.pirbot.com%2fmirrors%2fcygwin%2f/x86_64/release/crypt/libcrypt0/libcrypt0-2.1-1.tar.xz
2019/01/08 11:20:27 Downloaded C:\Users\kjahed\Downloads/http%3a%2f%2fwww.pirbot.com%2fmirrors%2fcygwin%2f/x86_64/release/zlib/zlib0/zlib0-1.2.11-1.tar.xz
2019/01/08 11:20:27 Downloaded C:\Users\kjahed\Downloads/http%3a%2f%2fwww.pirbot.com%2fmirrors%2fcygwin%2f/x86_64/release/which/which-2.20-2.tar.bz2
2019/01/08 11:20:27 Downloaded C:\Users\kjahed\Downloads/http%3a%2f%2fwww.pirbot.com%2fmirrors%2fcygwin%2f/x86_64/release/run/run-1.3.4-2.tar.xz
2019/01/08 11:20:27 Downloaded C:\Users\kjahed\Downloads/http%3a%2f%2fwww.pirbot.com%2fmirrors%2fcygwin%2f/x86_64/release/libtasn1/libtasn1_6/libtasn1_6-4.13-1.tar.xz
2019/01/08 11:20:28 Downloaded C:\Users\kjahed\Downloads/http%3a%2f%2fwww.pirbot.com%2fmirrors%2fcygwin%2f/x86_64/release/libsigsegv/libsigsegv2/libsigsegv2-2.10-2.tar.xz
2019/01/08 11:20:28 Downloaded C:\Users\kjahed\Downloads/http%3a%2f%2fwww.pirbot.com%2fmirrors%2fcygwin%2f/x86_64/release/libpipeline/libpipeline1/libpipeline1-1.4.0-1.tar.xz
2019/01/08 11:20:28 Downloaded C:\Users\kjahed\Downloads/http%3a%2f%2fwww.pirbot.com%2fmirrors%2fcygwin%2f/x86_64/release/pcre/libpcre1/libpcre1-8.40-3.tar.xz
2019/01/08 11:20:28 Downloaded C:\Users\kjahed\Downloads/http%3a%2f%2fwww.pirbot.com%2fmirrors%2fcygwin%2f/x86_64/release/xz/liblzma5/liblzma5-5.2.3-1.tar.xz
2019/01/08 11:20:28 Downloaded C:\Users\kjahed\Downloads/http%3a%2f%2fwww.pirbot.com%2fmirrors%2fcygwin%2f/x86_64/release/libiconv/libiconv2/libiconv2-1.14-3.tar.xz
2019/01/08 11:20:28 Downloaded C:\Users\kjahed\Downloads/http%3a%2f%2fwww.pirbot.com%2fmirrors%2fcygwin%2f/x86_64/release/gmp/libgmp10/libgmp10-6.1.2-1.tar.xz
2019/01/08 11:20:29 Downloaded C:\Users\kjahed\Downloads/http%3a%2f%2fwww.pirbot.com%2fmirrors%2fcygwin%2f/x86_64/release/gcc/libgcc1/libgcc1-7.4.0-1.tar.xz
2019/01/08 11:20:29 Downloaded C:\Users\kjahed\Downloads/http%3a%2f%2fwww.pirbot.com%2fmirrors%2fcygwin%2f/x86_64/release/libffi/libffi6/libffi6-3.2.1-2.tar.xz
2019/01/08 11:20:29 Downloaded C:\Users\kjahed\Downloads/http%3a%2f%2fwww.pirbot.com%2fmirrors%2fcygwin%2f/x86_64/release/bzip2/libbz2_1/libbz2_1-1.0.6-3.tar.xz
2019/01/08 11:20:29 Downloaded C:\Users\kjahed\Downloads/http%3a%2f%2fwww.pirbot.com%2fmirrors%2fcygwin%2f/x86_64/release/libargp/libargp-20110921-3.tar.xz
2019/01/08 11:20:29 Downloaded C:\Users\kjahed\Downloads/http%3a%2f%2fwww.pirbot.com%2fmirrors%2fcygwin%2f/x86_64/release/ipc-utils/ipc-utils-1.0-2.tar.bz2
2019/01/08 11:20:29 Downloaded C:\Users\kjahed\Downloads/http%3a%2f%2fwww.pirbot.com%2fmirrors%2fcygwin%2f/x86_64/release/hostname/hostname-3.13-1.tar.bz2
2019/01/08 11:20:29 Downloaded C:\Users\kjahed\Downloads/http%3a%2f%2fwww.pirbot.com%2fmirrors%2fcygwin%2f/x86_64/release/editrights/editrights-1.03-1.tar.xz
2019/01/08 11:20:30 Downloaded C:\Users\kjahed\Downloads/http%3a%2f%2fwww.pirbot.com%2fmirrors%2fcygwin%2f/x86_64/release/dash/dash-0.5.9.1-1.tar.xz
2019/01/08 11:20:30 Downloaded C:\Users\kjahed\Downloads/http%3a%2f%2fwww.pirbot.com%2fmirrors%2fcygwin%2f/x86_64/release/ncurses/libncursesw10/libncursesw10-6.0-12.20171125.tar.xz
2019/01/08 11:20:30 Downloaded C:\Users\kjahed\Downloads/http%3a%2f%2fwww.pirbot.com%2fmirrors%2fcygwin%2f/x86_64/release/w32api-runtime/w32api-runtime-5.0.4-1.tar.xz
2019/01/08 11:20:31 Downloaded C:\Users\kjahed\Downloads/http%3a%2f%2fwww.pirbot.com%2fmirrors%2fcygwin%2f/x86_64/release/file/file-5.32-1.tar.xz
2019/01/08 11:20:31 Downloaded C:\Users\kjahed\Downloads/http%3a%2f%2fwww.pirbot.com%2fmirrors%2fcygwin%2f/x86_64/release/gettext/libintl8/libintl8-0.19.8.1-2.tar.xz
2019/01/08 11:20:31 Downloaded C:\Users\kjahed\Downloads/http%3a%2f%2fwww.pirbot.com%2fmirrors%2fcygwin%2f/x86_64/release/isl/libisl15/libisl15-0.16.1-1.tar.xz
2019/01/08 11:20:31 Downloaded C:\Users\kjahed\Downloads/http%3a%2f%2fwww.pirbot.com%2fmirrors%2fcygwin%2f/x86_64/release/e2fsprogs/libcom_err2/libcom_err2-1.42.12-2.tar.xz
2019/01/08 11:20:31 Downloaded C:\Users\kjahed\Downloads/http%3a%2f%2fwww.pirbot.com%2fmirrors%2fcygwin%2f/x86_64/release/gcc/libquadmath0/libquadmath0-7.4.0-1.tar.xz
2019/01/08 11:20:31 Downloaded C:\Users\kjahed\Downloads/http%3a%2f%2fwww.pirbot.com%2fmirrors%2fcygwin%2f/x86_64/release/gcc/libgomp1/libgomp1-7.4.0-1.tar.xz
2019/01/08 11:20:32 Downloaded C:\Users\kjahed\Downloads/http%3a%2f%2fwww.pirbot.com%2fmirrors%2fcygwin%2f/x86_64/release/libunistring/libunistring2/libunistring2-0.9.10-1.tar.xz
2019/01/08 11:20:32 Downloaded C:\Users\kjahed\Downloads/http%3a%2f%2fwww.pirbot.com%2fmirrors%2fcygwin%2f/x86_64/release/libgc/libgc1/libgc1-7.6.10-1.tar.xz
2019/01/08 11:20:32 Downloaded C:\Users\kjahed\Downloads/http%3a%2f%2fwww.pirbot.com%2fmirrors%2fcygwin%2f/x86_64/release/gcc/libstdc++6/libstdc++6-7.4.0-1.tar.xz
2019/01/08 11:20:32 Downloaded C:\Users\kjahed\Downloads/http%3a%2f%2fwww.pirbot.com%2fmirrors%2fcygwin%2f/x86_64/release/mpfr/libmpfr6/libmpfr6-4.0.1-4p11.tar.xz
2019/01/08 11:20:32 Downloaded C:\Users\kjahed\Downloads/http%3a%2f%2fwww.pirbot.com%2fmirrors%2fcygwin%2f/x86_64/release/getent/getent-2.18.90-4.tar.xz
2019/01/08 11:20:32 Downloaded C:\Users\kjahed\Downloads/http%3a%2f%2fwww.pirbot.com%2fmirrors%2fcygwin%2f/noarch/release/_autorebase/_autorebase-001007-1.tar.xz
2019/01/08 11:20:33 Downloaded C:\Users\kjahed\Downloads/http%3a%2f%2fwww.pirbot.com%2fmirrors%2fcygwin%2f/x86_64/release/vim/vim-minimal/vim-minimal-8.0.1567-1.tar.xz
2019/01/08 11:20:33 Downloaded C:\Users\kjahed\Downloads/http%3a%2f%2fwww.pirbot.com%2fmirrors%2fcygwin%2f/x86_64/release/ncurses/ncurses-6.0-12.20171125.tar.xz
2019/01/08 11:20:33 Downloaded C:\Users\kjahed\Downloads/http%3a%2f%2fwww.pirbot.com%2fmirrors%2fcygwin%2f/x86_64/release/readline/libreadline7/libreadline7-7.0.3-3.tar.xz
2019/01/08 11:20:33 Downloaded C:\Users\kjahed\Downloads/http%3a%2f%2fwww.pirbot.com%2fmirrors%2fcygwin%2f/x86_64/release/less/less-530-1.tar.xz
2019/01/08 11:20:33 Downloaded C:\Users\kjahed\Downloads/http%3a%2f%2fwww.pirbot.com%2fmirrors%2fcygwin%2f/x86_64/release/krb5/libkrb5support0/libkrb5support0-1.15.2-2.tar.xz
2019/01/08 11:20:35 Downloaded C:\Users\kjahed\Downloads/http%3a%2f%2fwww.pirbot.com%2fmirrors%2fcygwin%2f/x86_64/release/binutils/binutils-2.29-1.tar.xz
2019/01/08 11:20:35 Downloaded C:\Users\kjahed\Downloads/http%3a%2f%2fwww.pirbot.com%2fmirrors%2fcygwin%2f/x86_64/release/sed/sed-4.4-1.tar.xz
2019/01/08 11:20:35 Downloaded C:\Users\kjahed\Downloads/http%3a%2f%2fwww.pirbot.com%2fmirrors%2fcygwin%2f/x86_64/release/util-linux/libuuid1/libuuid1-2.25.2-2.tar.xz
2019/01/08 11:20:35 Downloaded C:\Users\kjahed\Downloads/http%3a%2f%2fwww.pirbot.com%2fmirrors%2fcygwin%2f/x86_64/release/util-linux/libsmartcols1/libsmartcols1-2.25.2-2.tar.xz
2019/01/08 11:20:35 Downloaded C:\Users\kjahed\Downloads/http%3a%2f%2fwww.pirbot.com%2fmirrors%2fcygwin%2f/x86_64/release/popt/libpopt0/libpopt0-1.16-2.tar.xz
2019/01/08 11:20:36 Downloaded C:\Users\kjahed\Downloads/http%3a%2f%2fwww.pirbot.com%2fmirrors%2fcygwin%2f/x86_64/release/p11-kit/libp11-kit0/libp11-kit0-0.23.10-1.tar.xz
2019/01/08 11:20:36 Downloaded C:\Users\kjahed\Downloads/http%3a%2f%2fwww.pirbot.com%2fmirrors%2fcygwin%2f/x86_64/release/libiconv/libiconv-1.14-3.tar.xz
2019/01/08 11:20:36 Downloaded C:\Users\kjahed\Downloads/http%3a%2f%2fwww.pirbot.com%2fmirrors%2fcygwin%2f/x86_64/release/gdbm/libgdbm4/libgdbm4-1.12-1.tar.xz
2019/01/08 11:20:36 Downloaded C:\Users\kjahed\Downloads/http%3a%2f%2fwww.pirbot.com%2fmirrors%2fcygwin%2f/x86_64/release/attr/libattr1/libattr1-2.4.48-2.tar.xz
2019/01/08 11:20:36 Downloaded C:\Users\kjahed\Downloads/http%3a%2f%2fwww.pirbot.com%2fmirrors%2fcygwin%2f/x86_64/release/texinfo/info/info-6.5-2.tar.xz
2019/01/08 11:20:37 Downloaded C:\Users\kjahed\Downloads/http%3a%2f%2fwww.pirbot.com%2fmirrors%2fcygwin%2f/x86_64/release/diffutils/diffutils-3.5-2.tar.xz
2019/01/08 11:20:37 Downloaded C:\Users\kjahed\Downloads/http%3a%2f%2fwww.pirbot.com%2fmirrors%2fcygwin%2f/x86_64/release/alternatives/alternatives-1.3.30c-10.tar.bz2
2019/01/08 11:20:37 Downloaded C:\Users\kjahed\Downloads/http%3a%2f%2fwww.pirbot.com%2fmirrors%2fcygwin%2f/x86_64/release/libidn2/libidn2_0/libidn2_0-2.0.4-1.tar.xz
2019/01/08 11:20:37 Downloaded C:\Users\kjahed\Downloads/http%3a%2f%2fwww.pirbot.com%2fmirrors%2fcygwin%2f/x86_64/release/db/libdb5.3/libdb5.3-5.3.28-2.tar.xz
2019/01/08 11:20:37 Downloaded C:\Users\kjahed\Downloads/http%3a%2f%2fwww.pirbot.com%2fmirrors%2fcygwin%2f/x86_64/release/mpclib/libmpc3/libmpc3-1.1.0-1.tar.xz
2019/01/08 11:20:38 Downloaded C:\Users\kjahed\Downloads/http%3a%2f%2fwww.pirbot.com%2fmirrors%2fcygwin%2f/x86_64/release/libxml2/libxml2-2.9.4-2.tar.xz
2019/01/08 11:20:38 Downloaded C:\Users\kjahed\Downloads/http%3a%2f%2fwww.pirbot.com%2fmirrors%2fcygwin%2f/x86_64/release/guile2.0/libguile2.0_22/libguile2.0_22-2.0.14-3.tar.xz
2019/01/08 11:20:39 Downloaded C:\Users\kjahed\Downloads/http%3a%2f%2fwww.pirbot.com%2fmirrors%2fcygwin%2f/x86_64/release/gawk/gawk-4.2.1-1.tar.xz
2019/01/08 11:20:39 Downloaded C:\Users\kjahed\Downloads/http%3a%2f%2fwww.pirbot.com%2fmirrors%2fcygwin%2f/x86_64/release/krb5/libk5crypto3/libk5crypto3-1.15.2-2.tar.xz
2019/01/08 11:20:39 Downloaded C:\Users\kjahed\Downloads/http%3a%2f%2fwww.pirbot.com%2fmirrors%2fcygwin%2f/x86_64/release/util-linux/libblkid1/libblkid1-2.25.2-2.tar.xz
2019/01/08 11:20:39 Downloaded C:\Users\kjahed\Downloads/http%3a%2f%2fwww.pirbot.com%2fmirrors%2fcygwin%2f/x86_64/release/cygutils/cygutils-1.4.16-2.tar.xz
2019/01/08 11:20:39 Downloaded C:\Users\kjahed\Downloads/http%3a%2f%2fwww.pirbot.com%2fmirrors%2fcygwin%2f/x86_64/release/p11-kit/p11-kit-trust/p11-kit-trust-0.23.10-1.tar.xz
2019/01/08 11:20:40 Downloaded C:\Users\kjahed\Downloads/http%3a%2f%2fwww.pirbot.com%2fmirrors%2fcygwin%2f/x86_64/release/p11-kit/p11-kit-0.23.10-1.tar.xz
2019/01/08 11:20:40 Downloaded C:\Users\kjahed\Downloads/http%3a%2f%2fwww.pirbot.com%2fmirrors%2fcygwin%2f/x86_64/release/coreutils/coreutils-8.26-2.tar.xz
2019/01/08 11:20:40 Downloaded C:\Users\kjahed\Downloads/http%3a%2f%2fwww.pirbot.com%2fmirrors%2fcygwin%2f/x86_64/release/libpsl/libpsl5/libpsl5-0.18.0-1.tar.xz
2019/01/08 11:20:41 Downloaded C:\Users\kjahed\Downloads/http%3a%2f%2fwww.pirbot.com%2fmirrors%2fcygwin%2f/x86_64/release/libarchive/libarchive13/libarchive13-3.3.2-1.tar.xz
2019/01/08 11:20:41 Downloaded C:\Users\kjahed\Downloads/http%3a%2f%2fwww.pirbot.com%2fmirrors%2fcygwin%2f/x86_64/release/make/make-4.2.1-2.tar.xz
2019/01/08 11:20:41 Downloaded C:\Users\kjahed\Downloads/http%3a%2f%2fwww.pirbot.com%2fmirrors%2fcygwin%2f/x86_64/release/krb5/libkrb5_3/libkrb5_3-1.15.2-2.tar.xz
2019/01/08 11:20:41 Downloaded C:\Users\kjahed\Downloads/http%3a%2f%2fwww.pirbot.com%2fmirrors%2fcygwin%2f/x86_64/release/util-linux/util-linux-2.25.2-2.tar.xz
2019/01/08 11:20:42 Downloaded C:\Users\kjahed\Downloads/http%3a%2f%2fwww.pirbot.com%2fmirrors%2fcygwin%2f/x86_64/release/bash/bash-4.4.12-3.tar.xz
2019/01/08 11:20:42 Downloaded C:\Users\kjahed\Downloads/http%3a%2f%2fwww.pirbot.com%2fmirrors%2fcygwin%2f/x86_64/release/krb5/libgssapi_krb5_2/libgssapi_krb5_2-1.15.2-2.tar.xz
2019/01/08 11:20:42 Downloaded C:\Users\kjahed\Downloads/http%3a%2f%2fwww.pirbot.com%2fmirrors%2fcygwin%2f/x86_64/release/tzcode/tzcode-2018i-1.tar.xz
2019/01/08 11:20:47 Downloaded C:\Users\kjahed\Downloads/http%3a%2f%2fwww.pirbot.com%2fmirrors%2fcygwin%2f/x86_64/release/gcc/gcc-core/gcc-core-7.4.0-1.tar.xz
2019/01/08 11:20:47 Downloaded C:\Users\kjahed\Downloads/http%3a%2f%2fwww.pirbot.com%2fmirrors%2fcygwin%2f/x86_64/release/xz/xz-5.2.3-1.tar.xz
2019/01/08 11:20:48 Downloaded C:\Users\kjahed\Downloads/http%3a%2f%2fwww.pirbot.com%2fmirrors%2fcygwin%2f/x86_64/release/gzip/gzip-1.8-1.tar.xz
2019/01/08 11:20:48 Downloaded C:\Users\kjahed\Downloads/http%3a%2f%2fwww.pirbot.com%2fmirrors%2fcygwin%2f/x86_64/release/groff/groff-1.22.3-1.tar.xz
2019/01/08 11:20:49 Downloaded C:\Users\kjahed\Downloads/http%3a%2f%2fwww.pirbot.com%2fmirrors%2fcygwin%2f/x86_64/release/grep/grep-3.0-2.tar.xz
2019/01/08 11:20:49 Downloaded C:\Users\kjahed\Downloads/http%3a%2f%2fwww.pirbot.com%2fmirrors%2fcygwin%2f/x86_64/release/findutils/findutils-4.6.0-1.tar.xz
2019/01/08 11:20:49 Downloaded C:\Users\kjahed\Downloads/http%3a%2f%2fwww.pirbot.com%2fmirrors%2fcygwin%2f/noarch/release/ca-certificates/ca-certificates-2.22-1.tar.xz
2019/01/08 11:20:49 Downloaded C:\Users\kjahed\Downloads/http%3a%2f%2fwww.pirbot.com%2fmirrors%2fcygwin%2f/x86_64/release/bzip2/bzip2-1.0.6-3.tar.xz
2019/01/08 11:20:52 Downloaded C:\Users\kjahed\Downloads/http%3a%2f%2fwww.pirbot.com%2fmirrors%2fcygwin%2f/x86_64/release/gcc/gcc-g++/gcc-g++-7.4.0-1.tar.xz
2019/01/08 11:20:53 Downloaded C:\Users\kjahed\Downloads/http%3a%2f%2fwww.pirbot.com%2fmirrors%2fcygwin%2f/x86_64/release/man-db/man-db-2.7.6.1-1.tar.xz
2019/01/08 11:20:53 Downloaded C:\Users\kjahed\Downloads/http%3a%2f%2fwww.pirbot.com%2fmirrors%2fcygwin%2f/x86_64/release/rebase/rebase-4.4.4-1.tar.xz
2019/01/08 11:20:53 Downloaded C:\Users\kjahed\Downloads/http%3a%2f%2fwww.pirbot.com%2fmirrors%2fcygwin%2f/noarch/release/base-files/base-files-4.2-4.tar.xz
2019/01/08 11:20:53 Downloaded C:\Users\kjahed\Downloads/http%3a%2f%2fwww.pirbot.com%2fmirrors%2fcygwin%2f/x86_64/release/openssl/libopenssl100/libopenssl100-1.0.2p-1.tar.xz
2019/01/08 11:20:54 Downloaded C:\Users\kjahed\Downloads/http%3a%2f%2fwww.pirbot.com%2fmirrors%2fcygwin%2f/x86_64/release/tar/tar-1.29-1.tar.xz
2019/01/08 11:20:54 Downloaded C:\Users\kjahed\Downloads/http%3a%2f%2fwww.pirbot.com%2fmirrors%2fcygwin%2f/x86_64/release/libssh2/libssh2_1/libssh2_1-1.7.0-1.tar.xz
2019/01/08 11:20:54 Downloaded C:\Users\kjahed\Downloads/http%3a%2f%2fwww.pirbot.com%2fmirrors%2fcygwin%2f/x86_64/release/openldap/libopenldap2_4_2/libopenldap2_4_2-2.4.42-1.tar.xz
2019/01/08 11:20:55 Downloaded C:\Users\kjahed\Downloads/http%3a%2f%2fwww.pirbot.com%2fmirrors%2fcygwin%2f/x86_64/release/openssl/openssl-1.0.2p-1.tar.xz
2019/01/08 11:20:55 Downloaded C:\Users\kjahed\Downloads/http%3a%2f%2fwww.pirbot.com%2fmirrors%2fcygwin%2f/x86_64/release/cyrus-sasl/libsasl2_3/libsasl2_3-2.1.26-11.tar.xz
2019/01/08 11:20:55 Downloaded C:\Users\kjahed\Downloads/http%3a%2f%2fwww.pirbot.com%2fmirrors%2fcygwin%2f/x86_64/release/curl/libcurl4/libcurl4-7.59.0-1.tar.xz
2019/01/08 11:20:56 Downloaded C:\Users\kjahed\Downloads/http%3a%2f%2fwww.pirbot.com%2fmirrors%2fcygwin%2f/x86_64/release/cmake/cmake-3.6.2-1.tar.xz
2019/01/08 11:20:56 Extracting from file://C:\Users\kjahed\Downloads/http%3a%2f%2fwww.pirbot.com%2fmirrors%2fcygwin%2f/noarch/release/base-cygwin/base-cygwin-3.8-1.tar.xz
2019/01/08 11:20:56 Extracting from file://C:\Users\kjahed\Downloads/http%3a%2f%2fwww.pirbot.com%2fmirrors%2fcygwin%2f/x86_64/release/cygwin/cygwin-2.11.2-1.tar.xz
2019/01/08 11:20:57 Extracting from file://C:\Users\kjahed\Downloads/http%3a%2f%2fwww.pirbot.com%2fmirrors%2fcygwin%2f/x86_64/release/popt/libpopt-common/libpopt-common-1.16-2.tar.xz
2019/01/08 11:20:57 Extracting from file://C:\Users\kjahed\Downloads/http%3a%2f%2fwww.pirbot.com%2fmirrors%2fcygwin%2f/x86_64/release/login/login-1.12-1.tar.xz
2019/01/08 11:20:57 Extracting from file://C:\Users\kjahed\Downloads/http%3a%2f%2fwww.pirbot.com%2fmirrors%2fcygwin%2f/x86_64/release/mintty/mintty-2.9.5-0.tar.xz
2019/01/08 11:20:57 Extracting from file://C:\Users\kjahed\Downloads/http%3a%2f%2fwww.pirbot.com%2fmirrors%2fcygwin%2f/x86_64/release/ncurses/terminfo/terminfo-6.0-12.20171125.tar.xz
2019/01/08 11:20:57 Extracting from file://C:\Users\kjahed\Downloads/http%3a%2f%2fwww.pirbot.com%2fmirrors%2fcygwin%2f/noarch/release/tzdata/tzdata-2018i-1.tar.xz
2019/01/08 11:21:03 Extracting from file://C:\Users\kjahed\Downloads/http%3a%2f%2fwww.pirbot.com%2fmirrors%2fcygwin%2f/x86_64/release/cygwin/cygwin-devel/cygwin-devel-2.11.2-1.tar.xz
2019/01/08 11:21:04 Extracting from file://C:\Users\kjahed\Downloads/http%3a%2f%2fwww.pirbot.com%2fmirrors%2fcygwin%2f/x86_64/release/w32api-headers/w32api-headers-5.0.4-1.tar.xz
2019/01/08 11:21:09 Extracting from file://C:\Users\kjahed\Downloads/http%3a%2f%2fwww.pirbot.com%2fmirrors%2fcygwin%2f/x86_64/release/windows-default-manifest/windows-default-manifest-6.4-1.tar.xz
2019/01/08 11:21:09 Extracting from file://C:\Users\kjahed\Downloads/http%3a%2f%2fwww.pirbot.com%2fmirrors%2fcygwin%2f/noarch/release/publicsuffix-list/publicsuffix-list-dafsa/publicsuffix-list-dafsa-20180523-1.tar.xz
2019/01/08 11:21:09 Extracting from file://C:\Users\kjahed\Downloads/http%3a%2f%2fwww.pirbot.com%2fmirrors%2fcygwin%2f/x86_64/release/nettle/libnettle6/libnettle6-3.4-1.tar.xz
2019/01/08 11:21:09 Extracting from file://C:\Users\kjahed\Downloads/http%3a%2f%2fwww.pirbot.com%2fmirrors%2fcygwin%2f/x86_64/release/nghttp2/libnghttp2_14/libnghttp2_14-1.31.0-1.tar.xz
2019/01/08 11:21:09 Extracting from file://C:\Users\kjahed\Downloads/http%3a%2f%2fwww.pirbot.com%2fmirrors%2fcygwin%2f/x86_64/release/expat/libexpat1/libexpat1-2.2.6-1.tar.xz
2019/01/08 11:21:09 Extracting from file://C:\Users\kjahed\Downloads/http%3a%2f%2fwww.pirbot.com%2fmirrors%2fcygwin%2f/x86_64/release/lz4/liblz4_1/liblz4_1-1.7.5-1.tar.xz
2019/01/08 11:21:09 Extracting from file://C:\Users\kjahed\Downloads/http%3a%2f%2fwww.pirbot.com%2fmirrors%2fcygwin%2f/x86_64/release/gcc/libatomic1/libatomic1-7.4.0-1.tar.xz
2019/01/08 11:21:09 Extracting from file://C:\Users\kjahed\Downloads/http%3a%2f%2fwww.pirbot.com%2fmirrors%2fcygwin%2f/x86_64/release/libtool/libltdl7/libltdl7-2.4.6-6.tar.xz
2019/01/08 11:21:09 Extracting from file://C:\Users\kjahed\Downloads/http%3a%2f%2fwww.pirbot.com%2fmirrors%2fcygwin%2f/x86_64/release/crypt/libcrypt0/libcrypt0-2.1-1.tar.xz
2019/01/08 11:21:09 Extracting from file://C:\Users\kjahed\Downloads/http%3a%2f%2fwww.pirbot.com%2fmirrors%2fcygwin%2f/x86_64/release/zlib/zlib0/zlib0-1.2.11-1.tar.xz
2019/01/08 11:21:09 Extracting from file://C:\Users\kjahed\Downloads/http%3a%2f%2fwww.pirbot.com%2fmirrors%2fcygwin%2f/x86_64/release/which/which-2.20-2.tar.bz2
2019/01/08 11:21:09 Extracting from file://C:\Users\kjahed\Downloads/http%3a%2f%2fwww.pirbot.com%2fmirrors%2fcygwin%2f/x86_64/release/run/run-1.3.4-2.tar.xz
2019/01/08 11:21:09 Extracting from file://C:\Users\kjahed\Downloads/http%3a%2f%2fwww.pirbot.com%2fmirrors%2fcygwin%2f/x86_64/release/libtasn1/libtasn1_6/libtasn1_6-4.13-1.tar.xz
2019/01/08 11:21:09 Extracting from file://C:\Users\kjahed\Downloads/http%3a%2f%2fwww.pirbot.com%2fmirrors%2fcygwin%2f/x86_64/release/libsigsegv/libsigsegv2/libsigsegv2-2.10-2.tar.xz
2019/01/08 11:21:09 Extracting from file://C:\Users\kjahed\Downloads/http%3a%2f%2fwww.pirbot.com%2fmirrors%2fcygwin%2f/x86_64/release/libpipeline/libpipeline1/libpipeline1-1.4.0-1.tar.xz
2019/01/08 11:21:09 Extracting from file://C:\Users\kjahed\Downloads/http%3a%2f%2fwww.pirbot.com%2fmirrors%2fcygwin%2f/x86_64/release/pcre/libpcre1/libpcre1-8.40-3.tar.xz
2019/01/08 11:21:09 Extracting from file://C:\Users\kjahed\Downloads/http%3a%2f%2fwww.pirbot.com%2fmirrors%2fcygwin%2f/x86_64/release/xz/liblzma5/liblzma5-5.2.3-1.tar.xz
2019/01/08 11:21:09 Extracting from file://C:\Users\kjahed\Downloads/http%3a%2f%2fwww.pirbot.com%2fmirrors%2fcygwin%2f/x86_64/release/libiconv/libiconv2/libiconv2-1.14-3.tar.xz
2019/01/08 11:21:09 Extracting from file://C:\Users\kjahed\Downloads/http%3a%2f%2fwww.pirbot.com%2fmirrors%2fcygwin%2f/x86_64/release/gmp/libgmp10/libgmp10-6.1.2-1.tar.xz
2019/01/08 11:21:09 Extracting from file://C:\Users\kjahed\Downloads/http%3a%2f%2fwww.pirbot.com%2fmirrors%2fcygwin%2f/x86_64/release/gcc/libgcc1/libgcc1-7.4.0-1.tar.xz
2019/01/08 11:21:09 Extracting from file://C:\Users\kjahed\Downloads/http%3a%2f%2fwww.pirbot.com%2fmirrors%2fcygwin%2f/x86_64/release/libffi/libffi6/libffi6-3.2.1-2.tar.xz
2019/01/08 11:21:09 Extracting from file://C:\Users\kjahed\Downloads/http%3a%2f%2fwww.pirbot.com%2fmirrors%2fcygwin%2f/x86_64/release/bzip2/libbz2_1/libbz2_1-1.0.6-3.tar.xz
2019/01/08 11:21:09 Extracting from file://C:\Users\kjahed\Downloads/http%3a%2f%2fwww.pirbot.com%2fmirrors%2fcygwin%2f/x86_64/release/libargp/libargp-20110921-3.tar.xz
2019/01/08 11:21:09 Extracting from file://C:\Users\kjahed\Downloads/http%3a%2f%2fwww.pirbot.com%2fmirrors%2fcygwin%2f/x86_64/release/ipc-utils/ipc-utils-1.0-2.tar.bz2
2019/01/08 11:21:09 Extracting from file://C:\Users\kjahed\Downloads/http%3a%2f%2fwww.pirbot.com%2fmirrors%2fcygwin%2f/x86_64/release/hostname/hostname-3.13-1.tar.bz2
2019/01/08 11:21:09 Extracting from file://C:\Users\kjahed\Downloads/http%3a%2f%2fwww.pirbot.com%2fmirrors%2fcygwin%2f/x86_64/release/editrights/editrights-1.03-1.tar.xz
2019/01/08 11:21:09 Extracting from file://C:\Users\kjahed\Downloads/http%3a%2f%2fwww.pirbot.com%2fmirrors%2fcygwin%2f/x86_64/release/dash/dash-0.5.9.1-1.tar.xz
2019/01/08 11:21:09 Extracting from file://C:\Users\kjahed\Downloads/http%3a%2f%2fwww.pirbot.com%2fmirrors%2fcygwin%2f/x86_64/release/ncurses/libncursesw10/libncursesw10-6.0-12.20171125.tar.xz
2019/01/08 11:21:09 Extracting from file://C:\Users\kjahed\Downloads/http%3a%2f%2fwww.pirbot.com%2fmirrors%2fcygwin%2f/x86_64/release/w32api-runtime/w32api-runtime-5.0.4-1.tar.xz
2019/01/08 11:21:14 Extracting from file://C:\Users\kjahed\Downloads/http%3a%2f%2fwww.pirbot.com%2fmirrors%2fcygwin%2f/x86_64/release/file/file-5.32-1.tar.xz
2019/01/08 11:21:14 Extracting from file://C:\Users\kjahed\Downloads/http%3a%2f%2fwww.pirbot.com%2fmirrors%2fcygwin%2f/x86_64/release/gettext/libintl8/libintl8-0.19.8.1-2.tar.xz
2019/01/08 11:21:14 Extracting from file://C:\Users\kjahed\Downloads/http%3a%2f%2fwww.pirbot.com%2fmirrors%2fcygwin%2f/x86_64/release/isl/libisl15/libisl15-0.16.1-1.tar.xz
2019/01/08 11:21:14 Extracting from file://C:\Users\kjahed\Downloads/http%3a%2f%2fwww.pirbot.com%2fmirrors%2fcygwin%2f/x86_64/release/e2fsprogs/libcom_err2/libcom_err2-1.42.12-2.tar.xz
2019/01/08 11:21:14 Extracting from file://C:\Users\kjahed\Downloads/http%3a%2f%2fwww.pirbot.com%2fmirrors%2fcygwin%2f/x86_64/release/gcc/libquadmath0/libquadmath0-7.4.0-1.tar.xz
2019/01/08 11:21:14 Extracting from file://C:\Users\kjahed\Downloads/http%3a%2f%2fwww.pirbot.com%2fmirrors%2fcygwin%2f/x86_64/release/gcc/libgomp1/libgomp1-7.4.0-1.tar.xz
2019/01/08 11:21:14 Extracting from file://C:\Users\kjahed\Downloads/http%3a%2f%2fwww.pirbot.com%2fmirrors%2fcygwin%2f/x86_64/release/libunistring/libunistring2/libunistring2-0.9.10-1.tar.xz
2019/01/08 11:21:14 Extracting from file://C:\Users\kjahed\Downloads/http%3a%2f%2fwww.pirbot.com%2fmirrors%2fcygwin%2f/x86_64/release/libgc/libgc1/libgc1-7.6.10-1.tar.xz
2019/01/08 11:21:14 Extracting from file://C:\Users\kjahed\Downloads/http%3a%2f%2fwww.pirbot.com%2fmirrors%2fcygwin%2f/x86_64/release/gcc/libstdc++6/libstdc++6-7.4.0-1.tar.xz
2019/01/08 11:21:14 Extracting from file://C:\Users\kjahed\Downloads/http%3a%2f%2fwww.pirbot.com%2fmirrors%2fcygwin%2f/x86_64/release/mpfr/libmpfr6/libmpfr6-4.0.1-4p11.tar.xz
2019/01/08 11:21:14 Extracting from file://C:\Users\kjahed\Downloads/http%3a%2f%2fwww.pirbot.com%2fmirrors%2fcygwin%2f/x86_64/release/getent/getent-2.18.90-4.tar.xz
2019/01/08 11:21:14 Extracting from file://C:\Users\kjahed\Downloads/http%3a%2f%2fwww.pirbot.com%2fmirrors%2fcygwin%2f/noarch/release/_autorebase/_autorebase-001007-1.tar.xz
2019/01/08 11:21:14 Extracting from file://C:\Users\kjahed\Downloads/http%3a%2f%2fwww.pirbot.com%2fmirrors%2fcygwin%2f/x86_64/release/vim/vim-minimal/vim-minimal-8.0.1567-1.tar.xz
2019/01/08 11:21:15 Extracting from file://C:\Users\kjahed\Downloads/http%3a%2f%2fwww.pirbot.com%2fmirrors%2fcygwin%2f/x86_64/release/ncurses/ncurses-6.0-12.20171125.tar.xz
2019/01/08 11:21:15 Extracting from file://C:\Users\kjahed\Downloads/http%3a%2f%2fwww.pirbot.com%2fmirrors%2fcygwin%2f/x86_64/release/readline/libreadline7/libreadline7-7.0.3-3.tar.xz
2019/01/08 11:21:15 Extracting from file://C:\Users\kjahed\Downloads/http%3a%2f%2fwww.pirbot.com%2fmirrors%2fcygwin%2f/x86_64/release/less/less-530-1.tar.xz
2019/01/08 11:21:15 Extracting from file://C:\Users\kjahed\Downloads/http%3a%2f%2fwww.pirbot.com%2fmirrors%2fcygwin%2f/x86_64/release/krb5/libkrb5support0/libkrb5support0-1.15.2-2.tar.xz
2019/01/08 11:21:15 Extracting from file://C:\Users\kjahed\Downloads/http%3a%2f%2fwww.pirbot.com%2fmirrors%2fcygwin%2f/x86_64/release/binutils/binutils-2.29-1.tar.xz
2019/01/08 11:21:16 Extracting from file://C:\Users\kjahed\Downloads/http%3a%2f%2fwww.pirbot.com%2fmirrors%2fcygwin%2f/x86_64/release/sed/sed-4.4-1.tar.xz
2019/01/08 11:21:17 Extracting from file://C:\Users\kjahed\Downloads/http%3a%2f%2fwww.pirbot.com%2fmirrors%2fcygwin%2f/x86_64/release/util-linux/libuuid1/libuuid1-2.25.2-2.tar.xz
2019/01/08 11:21:17 Extracting from file://C:\Users\kjahed\Downloads/http%3a%2f%2fwww.pirbot.com%2fmirrors%2fcygwin%2f/x86_64/release/util-linux/libsmartcols1/libsmartcols1-2.25.2-2.tar.xz
2019/01/08 11:21:17 Extracting from file://C:\Users\kjahed\Downloads/http%3a%2f%2fwww.pirbot.com%2fmirrors%2fcygwin%2f/x86_64/release/popt/libpopt0/libpopt0-1.16-2.tar.xz
2019/01/08 11:21:17 Extracting from file://C:\Users\kjahed\Downloads/http%3a%2f%2fwww.pirbot.com%2fmirrors%2fcygwin%2f/x86_64/release/p11-kit/libp11-kit0/libp11-kit0-0.23.10-1.tar.xz
2019/01/08 11:21:17 Extracting from file://C:\Users\kjahed\Downloads/http%3a%2f%2fwww.pirbot.com%2fmirrors%2fcygwin%2f/x86_64/release/libiconv/libiconv-1.14-3.tar.xz
2019/01/08 11:21:17 Extracting from file://C:\Users\kjahed\Downloads/http%3a%2f%2fwww.pirbot.com%2fmirrors%2fcygwin%2f/x86_64/release/gdbm/libgdbm4/libgdbm4-1.12-1.tar.xz
2019/01/08 11:21:17 Extracting from file://C:\Users\kjahed\Downloads/http%3a%2f%2fwww.pirbot.com%2fmirrors%2fcygwin%2f/x86_64/release/attr/libattr1/libattr1-2.4.48-2.tar.xz
2019/01/08 11:21:17 Extracting from file://C:\Users\kjahed\Downloads/http%3a%2f%2fwww.pirbot.com%2fmirrors%2fcygwin%2f/x86_64/release/texinfo/info/info-6.5-2.tar.xz
2019/01/08 11:21:18 Extracting from file://C:\Users\kjahed\Downloads/http%3a%2f%2fwww.pirbot.com%2fmirrors%2fcygwin%2f/x86_64/release/diffutils/diffutils-3.5-2.tar.xz
2019/01/08 11:21:18 Extracting from file://C:\Users\kjahed\Downloads/http%3a%2f%2fwww.pirbot.com%2fmirrors%2fcygwin%2f/x86_64/release/alternatives/alternatives-1.3.30c-10.tar.bz2
2019/01/08 11:21:18 Extracting from file://C:\Users\kjahed\Downloads/http%3a%2f%2fwww.pirbot.com%2fmirrors%2fcygwin%2f/x86_64/release/libidn2/libidn2_0/libidn2_0-2.0.4-1.tar.xz
2019/01/08 11:21:18 Extracting from file://C:\Users\kjahed\Downloads/http%3a%2f%2fwww.pirbot.com%2fmirrors%2fcygwin%2f/x86_64/release/db/libdb5.3/libdb5.3-5.3.28-2.tar.xz
2019/01/08 11:21:19 Extracting from file://C:\Users\kjahed\Downloads/http%3a%2f%2fwww.pirbot.com%2fmirrors%2fcygwin%2f/x86_64/release/mpclib/libmpc3/libmpc3-1.1.0-1.tar.xz
2019/01/08 11:21:19 Extracting from file://C:\Users\kjahed\Downloads/http%3a%2f%2fwww.pirbot.com%2fmirrors%2fcygwin%2f/x86_64/release/libxml2/libxml2-2.9.4-2.tar.xz
2019/01/08 11:21:19 Extracting from file://C:\Users\kjahed\Downloads/http%3a%2f%2fwww.pirbot.com%2fmirrors%2fcygwin%2f/x86_64/release/guile2.0/libguile2.0_22/libguile2.0_22-2.0.14-3.tar.xz
2019/01/08 11:21:21 Extracting from file://C:\Users\kjahed\Downloads/http%3a%2f%2fwww.pirbot.com%2fmirrors%2fcygwin%2f/x86_64/release/gawk/gawk-4.2.1-1.tar.xz
2019/01/08 11:21:21 Extracting from file://C:\Users\kjahed\Downloads/http%3a%2f%2fwww.pirbot.com%2fmirrors%2fcygwin%2f/x86_64/release/krb5/libk5crypto3/libk5crypto3-1.15.2-2.tar.xz
2019/01/08 11:21:21 Extracting from file://C:\Users\kjahed\Downloads/http%3a%2f%2fwww.pirbot.com%2fmirrors%2fcygwin%2f/x86_64/release/util-linux/libblkid1/libblkid1-2.25.2-2.tar.xz
2019/01/08 11:21:21 Extracting from file://C:\Users\kjahed\Downloads/http%3a%2f%2fwww.pirbot.com%2fmirrors%2fcygwin%2f/x86_64/release/cygutils/cygutils-1.4.16-2.tar.xz
2019/01/08 11:21:21 Extracting from file://C:\Users\kjahed\Downloads/http%3a%2f%2fwww.pirbot.com%2fmirrors%2fcygwin%2f/x86_64/release/p11-kit/p11-kit-trust/p11-kit-trust-0.23.10-1.tar.xz
2019/01/08 11:21:21 Extracting from file://C:\Users\kjahed\Downloads/http%3a%2f%2fwww.pirbot.com%2fmirrors%2fcygwin%2f/x86_64/release/p11-kit/p11-kit-0.23.10-1.tar.xz
2019/01/08 11:21:21 Extracting from file://C:\Users\kjahed\Downloads/http%3a%2f%2fwww.pirbot.com%2fmirrors%2fcygwin%2f/x86_64/release/coreutils/coreutils-8.26-2.tar.xz
2019/01/08 11:21:23 Extracting from file://C:\Users\kjahed\Downloads/http%3a%2f%2fwww.pirbot.com%2fmirrors%2fcygwin%2f/x86_64/release/libpsl/libpsl5/libpsl5-0.18.0-1.tar.xz
2019/01/08 11:21:23 Extracting from file://C:\Users\kjahed\Downloads/http%3a%2f%2fwww.pirbot.com%2fmirrors%2fcygwin%2f/x86_64/release/libarchive/libarchive13/libarchive13-3.3.2-1.tar.xz
2019/01/08 11:21:23 Extracting from file://C:\Users\kjahed\Downloads/http%3a%2f%2fwww.pirbot.com%2fmirrors%2fcygwin%2f/x86_64/release/make/make-4.2.1-2.tar.xz
2019/01/08 11:21:23 Extracting from file://C:\Users\kjahed\Downloads/http%3a%2f%2fwww.pirbot.com%2fmirrors%2fcygwin%2f/x86_64/release/krb5/libkrb5_3/libkrb5_3-1.15.2-2.tar.xz
2019/01/08 11:21:23 Extracting from file://C:\Users\kjahed\Downloads/http%3a%2f%2fwww.pirbot.com%2fmirrors%2fcygwin%2f/x86_64/release/util-linux/util-linux-2.25.2-2.tar.xz
2019/01/08 11:21:24 Extracting from file://C:\Users\kjahed\Downloads/http%3a%2f%2fwww.pirbot.com%2fmirrors%2fcygwin%2f/x86_64/release/bash/bash-4.4.12-3.tar.xz
2019/01/08 11:21:25 Extracting from file://C:\Users\kjahed\Downloads/http%3a%2f%2fwww.pirbot.com%2fmirrors%2fcygwin%2f/x86_64/release/krb5/libgssapi_krb5_2/libgssapi_krb5_2-1.15.2-2.tar.xz
2019/01/08 11:21:25 Extracting from file://C:\Users\kjahed\Downloads/http%3a%2f%2fwww.pirbot.com%2fmirrors%2fcygwin%2f/x86_64/release/tzcode/tzcode-2018i-1.tar.xz
2019/01/08 11:21:25 Extracting from file://C:\Users\kjahed\Downloads/http%3a%2f%2fwww.pirbot.com%2fmirrors%2fcygwin%2f/x86_64/release/gcc/gcc-core/gcc-core-7.4.0-1.tar.xz
2019/01/08 11:21:27 Extracting from file://C:\Users\kjahed\Downloads/http%3a%2f%2fwww.pirbot.com%2fmirrors%2fcygwin%2f/x86_64/release/xz/xz-5.2.3-1.tar.xz
2019/01/08 11:21:28 Extracting from file://C:\Users\kjahed\Downloads/http%3a%2f%2fwww.pirbot.com%2fmirrors%2fcygwin%2f/x86_64/release/gzip/gzip-1.8-1.tar.xz
2019/01/08 11:21:28 Extracting from file://C:\Users\kjahed\Downloads/http%3a%2f%2fwww.pirbot.com%2fmirrors%2fcygwin%2f/x86_64/release/groff/groff-1.22.3-1.tar.xz
2019/01/08 11:21:30 Extracting from file://C:\Users\kjahed\Downloads/http%3a%2f%2fwww.pirbot.com%2fmirrors%2fcygwin%2f/x86_64/release/grep/grep-3.0-2.tar.xz
2019/01/08 11:21:31 Extracting from file://C:\Users\kjahed\Downloads/http%3a%2f%2fwww.pirbot.com%2fmirrors%2fcygwin%2f/x86_64/release/findutils/findutils-4.6.0-1.tar.xz
2019/01/08 11:21:31 Extracting from file://C:\Users\kjahed\Downloads/http%3a%2f%2fwww.pirbot.com%2fmirrors%2fcygwin%2f/noarch/release/ca-certificates/ca-certificates-2.22-1.tar.xz
2019/01/08 11:21:31 Extracting from file://C:\Users\kjahed\Downloads/http%3a%2f%2fwww.pirbot.com%2fmirrors%2fcygwin%2f/x86_64/release/bzip2/bzip2-1.0.6-3.tar.xz
2019/01/08 11:21:31 Extracting from file://C:\Users\kjahed\Downloads/http%3a%2f%2fwww.pirbot.com%2fmirrors%2fcygwin%2f/x86_64/release/gcc/gcc-g++/gcc-g++-7.4.0-1.tar.xz
2019/01/08 11:21:35 Extracting from file://C:\Users\kjahed\Downloads/http%3a%2f%2fwww.pirbot.com%2fmirrors%2fcygwin%2f/x86_64/release/man-db/man-db-2.7.6.1-1.tar.xz
2019/01/08 11:21:36 Extracting from file://C:\Users\kjahed\Downloads/http%3a%2f%2fwww.pirbot.com%2fmirrors%2fcygwin%2f/x86_64/release/rebase/rebase-4.4.4-1.tar.xz
2019/01/08 11:21:36 Extracting from file://C:\Users\kjahed\Downloads/http%3a%2f%2fwww.pirbot.com%2fmirrors%2fcygwin%2f/noarch/release/base-files/base-files-4.2-4.tar.xz
2019/01/08 11:21:36 Extracting from file://C:\Users\kjahed\Downloads/http%3a%2f%2fwww.pirbot.com%2fmirrors%2fcygwin%2f/x86_64/release/openssl/libopenssl100/libopenssl100-1.0.2p-1.tar.xz
2019/01/08 11:21:36 Extracting from file://C:\Users\kjahed\Downloads/http%3a%2f%2fwww.pirbot.com%2fmirrors%2fcygwin%2f/x86_64/release/tar/tar-1.29-1.tar.xz
2019/01/08 11:21:37 Extracting from file://C:\Users\kjahed\Downloads/http%3a%2f%2fwww.pirbot.com%2fmirrors%2fcygwin%2f/x86_64/release/libssh2/libssh2_1/libssh2_1-1.7.0-1.tar.xz
2019/01/08 11:21:37 Extracting from file://C:\Users\kjahed\Downloads/http%3a%2f%2fwww.pirbot.com%2fmirrors%2fcygwin%2f/x86_64/release/openldap/libopenldap2_4_2/libopenldap2_4_2-2.4.42-1.tar.xz
2019/01/08 11:21:37 Extracting from file://C:\Users\kjahed\Downloads/http%3a%2f%2fwww.pirbot.com%2fmirrors%2fcygwin%2f/x86_64/release/openssl/openssl-1.0.2p-1.tar.xz
2019/01/08 11:21:37 Extracting from file://C:\Users\kjahed\Downloads/http%3a%2f%2fwww.pirbot.com%2fmirrors%2fcygwin%2f/x86_64/release/cyrus-sasl/libsasl2_3/libsasl2_3-2.1.26-11.tar.xz
2019/01/08 11:21:37 Extracting from file://C:\Users\kjahed\Downloads/http%3a%2f%2fwww.pirbot.com%2fmirrors%2fcygwin%2f/x86_64/release/curl/libcurl4/libcurl4-7.59.0-1.tar.xz
2019/01/08 11:21:37 Extracting from file://C:\Users\kjahed\Downloads/http%3a%2f%2fwww.pirbot.com%2fmirrors%2fcygwin%2f/x86_64/release/cmake/cmake-3.6.2-1.tar.xz
2019/01/08 11:21:44 Changing gid back to original
2019/01/08 11:21:44 running: C:\cygwin64\bin\dash.exe "/etc/postinstall/0p_000_autorebase.dash"
2019/01/08 11:21:56 running: C:\cygwin64\bin\dash.exe "/etc/postinstall/0p_update-info-dir.dash"
2019/01/08 11:21:59 running: C:\cygwin64\bin\bash.exe --norc --noprofile "/etc/postinstall/000-cygwin-post-install.sh"
2019/01/08 11:21:59 running: C:\cygwin64\bin\bash.exe --norc --noprofile "/etc/postinstall/coreutils.sh"
2019/01/08 11:21:59 running: C:\cygwin64\bin\bash.exe --norc --noprofile "/etc/postinstall/bash.sh"
2019/01/08 11:21:59 running: C:\cygwin64\bin\bash.exe --norc --noprofile "/etc/postinstall/base-files-mketc.sh"
2019/01/08 11:22:00 running: C:\cygwin64\bin\bash.exe --norc --noprofile "/etc/postinstall/base-files-profile.sh"
2019/01/08 11:22:01 running: C:\cygwin64\bin\bash.exe --norc --noprofile "/etc/postinstall/ca-certificates.sh"
2019/01/08 11:22:02 running: C:\cygwin64\bin\bash.exe --norc --noprofile "/etc/postinstall/libsasl2_3.sh"
2019/01/08 11:22:02 running: C:\cygwin64\bin\bash.exe --norc --noprofile "/etc/postinstall/libxml2.sh"
2019/01/08 11:22:03 running: C:\cygwin64\bin\bash.exe --norc --noprofile "/etc/postinstall/man-db.sh"
2019/01/08 11:22:03 running: C:\cygwin64\bin\bash.exe --norc --noprofile "/etc/postinstall/mintty.sh"
2019/01/08 11:22:03 running: C:\cygwin64\bin\bash.exe --norc --noprofile "/etc/postinstall/zp_man-db.sh"
2019/01/08 11:22:03 Changing gid to Administrators
2019/01/08 11:23:35 note: Installation Complete
2019/01/08 11:23:35 Ending cygwin install
